<?xml version="1.0" encoding="UTF-8"?>
<testsuites name="jest tests" tests="1" failures="0" errors="0" time="2.731">
  <testsuite name="getRulesForMr" errors="0" failures="0" skipped="0" timestamp="2020-10-20T10:07:13" time="2.509" tests="1">
    <testcase classname="getRulesForMr return null if there is no rules for the mr" name="getRulesForMr return null if there is no rules for the mr" time="0.002">
    </testcase>
  </testsuite>
</testsuites>